nohup: ignoring input
Boiling_point
Bit Morgan
('Random Forest', 'XGBoost')
Converted file to csv file called: /home/cat/descriptors/datasets_and_SMILES/values_boiling_point_Boiling_point.csv
the property I'm extracting is Boiling_point
Extracted props saved to: /home/cat/descriptors/datasets_and_SMILES/values_boiling_point_Boiling_point_Boiling_point.csv
Molecule 1 Fingerprint: [0 0 0 ... 0 0 0]
Molecule 2 Fingerprint: [0 0 0 ... 0 0 0]
Molecule 3 Fingerprint: [0 0 0 ... 0 0 0]
Molecule 4 Fingerprint: [0 0 0 ... 0 0 0]
Molecule 5 Fingerprint: [0 0 0 ... 0 0 0]
Molecule 6 Fingerprint: [0 0 0 ... 0 0 0]
Molecule 7 Fingerprint: [0 0 0 ... 0 0 0]
Molecule 8 Fingerprint: [0 0 0 ... 0 0 0]
Molecule 9 Fingerprint: [0 0 0 ... 0 0 0]
Molecule 10 Fingerprint: [0 0 0 ... 0 0 0]
Molecule 11 Fingerprint: [0 0 0 ... 0 0 0]
Molecule 12 Fingerprint: [0 0 0 ... 0 0 0]
Molecule 13 Fingerprint: [0 0 0 ... 0 0 0]
Molecule 14 Fingerprint: [0 0 0 ... 0 0 0]
Molecule 15 Fingerprint: [0 0 0 ... 0 0 0]
Molecule 16 Fingerprint: [0 0 0 ... 0 0 0]
Molecule 17 Fingerprint: [0 0 0 ... 0 0 0]
Molecule 18 Fingerprint: [0 0 0 ... 0 0 0]
Molecule 19 Fingerprint: [0 0 0 ... 0 0 0]
Molecule 20 Fingerprint: [0 0 0 ... 0 0 0]
Molecule 21 Fingerprint: [0 0 0 ... 0 0 0]
Molecule 22 Fingerprint: [0 0 0 ... 0 0 0]
Molecule 23 Fingerprint: [0 0 0 ... 0 0 0]
Molecule 24 Fingerprint: [0 0 0 ... 0 0 0]
Molecule 25 Fingerprint: [0 0 0 ... 0 0 0]
Molecule 26 Fingerprint: [0 0 0 ... 0 0 0]
Molecule 27 Fingerprint: [0 0 0 ... 0 0 0]
Molecule 28 Fingerprint: [0 0 0 ... 0 0 0]
Molecule 29 Fingerprint: [0 0 0 ... 0 0 0]
Molecule 30 Fingerprint: [0 0 0 ... 0 0 0]
Molecule 31 Fingerprint: [0 0 0 ... 0 0 0]
Molecule 32 Fingerprint: [0 0 0 ... 0 0 0]
Molecule 33 Fingerprint: [0 0 0 ... 0 0 0]
Molecule 34 Fingerprint: [0 0 0 ... 0 0 0]
Molecule 35 Fingerprint: [0 0 0 ... 0 0 0]
Molecule 36 Fingerprint: [0 0 0 ... 0 0 0]
Molecule 37 Fingerprint: [0 0 0 ... 0 0 0]
Molecule 38 Fingerprint: [0 0 0 ... 0 0 0]
Molecule 39 Fingerprint: [0 0 0 ... 0 0 0]
Molecule 40 Fingerprint: [0 0 0 ... 0 0 0]
Molecule 41 Fingerprint: [0 0 0 ... 0 0 0]
Molecule 42 Fingerprint: [0 0 0 ... 0 0 0]
Molecule 43 Fingerprint: [0 0 0 ... 0 0 0]
Molecule 44 Fingerprint: [0 0 0 ... 0 0 0]
Molecule 45 Fingerprint: [0 0 0 ... 0 0 0]
Molecule 46 Fingerprint: [0 0 0 ... 0 0 0]
Molecule 47 Fingerprint: [0 0 0 ... 0 0 0]
Molecule 48 Fingerprint: [0 0 0 ... 0 0 0]
Molecule 49 Fingerprint: [0 0 0 ... 0 0 0]
Molecule 50 Fingerprint: [0 0 0 ... 0 0 0]
Molecule 51 Fingerprint: [0 0 0 ... 0 0 0]
Molecule 52 Fingerprint: [0 0 0 ... 0 0 0]
Molecule 53 Fingerprint: [0 0 0 ... 0 0 0]
Molecule 54 Fingerprint: [0 0 0 ... 0 0 0]
Molecule 55 Fingerprint: [0 0 0 ... 0 0 0]
Molecule 56 Fingerprint: [0 0 0 ... 0 0 0]
Molecule 57 Fingerprint: [0 0 0 ... 0 0 0]
Molecule 58 Fingerprint: [0 0 0 ... 0 0 0]
Molecule 59 Fingerprint: [0 0 0 ... 0 0 0]
Molecule 60 Fingerprint: [0 0 0 ... 0 0 0]
Molecule 61 Fingerprint: [0 0 0 ... 0 0 0]
Molecule 62 Fingerprint: [0 0 0 ... 0 0 0]
Molecule 63 Fingerprint: [0 0 0 ... 0 0 0]
Molecule 64 Fingerprint: [0 0 0 ... 0 0 0]
Molecule 65 Fingerprint: [0 0 0 ... 0 0 0]
Molecule 66 Fingerprint: [0 0 0 ... 0 0 0]
Molecule 67 Fingerprint: [0 0 0 ... 0 0 0]
Molecule 68 Fingerprint: [0 0 0 ... 0 0 0]
Molecule 69 Fingerprint: [0 0 0 ... 0 0 0]
Molecule 70 Fingerprint: [0 0 0 ... 0 0 0]
Molecule 71 Fingerprint: [0 0 0 ... 0 0 0]
Molecule 72 Fingerprint: [0 0 0 ... 0 0 1]
Molecule 73 Fingerprint: [0 0 0 ... 0 0 0]
Molecule 74 Fingerprint: [0 0 0 ... 0 0 0]
Molecule 75 Fingerprint: [0 0 0 ... 0 0 0]
Molecule 76 Fingerprint: [0 0 0 ... 0 0 0]
Molecule 77 Fingerprint: [0 0 0 ... 0 0 0]
Molecule 78 Fingerprint: [0 0 0 ... 0 0 0]
Molecule 79 Fingerprint: [0 0 0 ... 0 0 0]
Molecule 80 Fingerprint: [0 0 0 ... 0 0 0]
Molecule 81 Fingerprint: [0 0 0 ... 0 0 0]
Molecule 82 Fingerprint: [0 0 0 ... 0 0 0]
Molecule 83 Fingerprint: [0 0 0 ... 0 0 0]
Molecule 84 Fingerprint: [0 0 0 ... 0 0 0]
Molecule 85 Fingerprint: [0 0 0 ... 0 0 0]
Molecule 86 Fingerprint: [0 0 0 ... 0 0 0]
Molecule 87 Fingerprint: [0 0 0 ... 0 0 0]
Molecule 88 Fingerprint: [0 0 0 ... 0 0 0]
Molecule 89 Fingerprint: [0 0 0 ... 0 0 0]
Molecule 90 Fingerprint: [0 0 0 ... 0 0 0]
Molecule 91 Fingerprint: [0 0 0 ... 0 0 0]
Molecule 92 Fingerprint: [0 0 0 ... 0 0 0]
Molecule 93 Fingerprint: [0 0 0 ... 0 0 0]
Molecule 94 Fingerprint: [0 0 0 ... 0 0 0]
Molecule 95 Fingerprint: [0 0 0 ... 0 0 0]
Molecule 96 Fingerprint: [0 0 0 ... 0 0 0]
Molecule 97 Fingerprint: [0 0 0 ... 0 0 0]
Molecule 98 Fingerprint: [0 0 0 ... 0 0 0]
Molecule 99 Fingerprint: [0 0 0 ... 0 0 0]
Molecule 100 Fingerprint: [0 0 0 ... 0 0 0]
Molecule 101 Fingerprint: [0 0 0 ... 0 0 0]
Molecule 102 Fingerprint: [0 0 0 ... 0 0 0]
Molecule 103 Fingerprint: [0 0 0 ... 0 0 0]
Molecule 104 Fingerprint: [0 0 0 ... 0 0 0]
Molecule 105 Fingerprint: [0 0 0 ... 0 0 0]
Molecule 106 Fingerprint: [0 0 0 ... 0 0 0]
Molecule 107 Fingerprint: [0 0 0 ... 0 0 0]
Molecule 108 Fingerprint: [0 0 0 ... 0 0 0]
Molecule 109 Fingerprint: [0 0 0 ... 0 0 0]
Molecule 110 Fingerprint: [0 0 0 ... 0 0 0]
Molecule 111 Fingerprint: [0 0 0 ... 0 0 0]
Molecule 112 Fingerprint: [0 0 0 ... 0 0 0]
Molecule 113 Fingerprint: [0 0 0 ... 0 0 0]
Molecule 114 Fingerprint: [0 0 0 ... 0 0 0]
Molecule 115 Fingerprint: [0 0 0 ... 0 0 0]
Molecule 116 Fingerprint: [0 0 0 ... 0 0 0]
Molecule 117 Fingerprint: [0 0 0 ... 0 0 0]
Molecule 118 Fingerprint: [0 0 0 ... 0 0 0]
Molecule 119 Fingerprint: [0 0 0 ... 0 0 0]
Molecule 120 Fingerprint: [0 0 0 ... 0 0 0]
Molecule 121 Fingerprint: [0 0 0 ... 0 0 0]
Molecule 122 Fingerprint: [0 0 0 ... 0 0 0]
Molecule 123 Fingerprint: [0 1 0 ... 0 0 0]
Molecule 124 Fingerprint: [0 0 0 ... 0 0 0]
Molecule 125 Fingerprint: [0 0 0 ... 0 0 0]
Molecule 126 Fingerprint: [0 0 0 ... 0 0 0]
Molecule 127 Fingerprint: [0 0 0 ... 0 0 0]
Molecule 128 Fingerprint: [0 0 0 ... 0 0 0]
Molecule 129 Fingerprint: [0 0 0 ... 0 0 0]
Molecule 130 Fingerprint: [0 0 0 ... 0 0 0]
Molecule 131 Fingerprint: [0 0 0 ... 0 0 0]
Molecule 132 Fingerprint: [0 0 0 ... 0 0 0]
Molecule 133 Fingerprint: [0 0 0 ... 0 0 0]
Molecule 134 Fingerprint: [0 0 0 ... 0 0 0]
Molecule 135 Fingerprint: [0 0 0 ... 0 0 0]
Molecule 136 Fingerprint: [0 0 0 ... 0 0 0]
Molecule 137 Fingerprint: [0 0 0 ... 0 0 0]
Molecule 138 Fingerprint: [0 0 0 ... 0 0 0]
Molecule 139 Fingerprint: [0 0 0 ... 0 0 0]
Molecule 140 Fingerprint: [0 0 0 ... 0 0 0]
Molecule 141 Fingerprint: [0 0 0 ... 0 0 0]
Molecule 142 Fingerprint: [0 0 0 ... 0 0 0]
Molecule 143 Fingerprint: [0 0 0 ... 0 0 0]
Molecule 144 Fingerprint: [0 0 0 ... 0 0 0]
Molecule 145 Fingerprint: [0 0 0 ... 0 0 0]
Molecule 146 Fingerprint: [0 0 0 ... 0 0 0]
Molecule 147 Fingerprint: [0 0 0 ... 0 0 0]
Molecule 148 Fingerprint: [0 0 0 ... 0 0 0]
Molecule 149 Fingerprint: [0 0 0 ... 0 0 0]
Molecule 150 Fingerprint: [0 0 0 ... 0 0 0]
Molecule 151 Fingerprint: [0 0 0 ... 0 0 0]
Molecule 152 Fingerprint: [0 0 0 ... 0 0 0]
Molecule 153 Fingerprint: [0 0 0 ... 0 0 0]
Molecule 154 Fingerprint: [0 0 0 ... 0 0 0]
Molecule 155 Fingerprint: [0 0 0 ... 0 0 0]
Molecule 156 Fingerprint: [0 0 0 ... 0 0 0]
Molecule 157 Fingerprint: [0 0 0 ... 0 0 0]
Molecule 158 Fingerprint: [0 0 0 ... 0 0 0]
Molecule 159 Fingerprint: [0 0 0 ... 0 0 0]
Molecule 160 Fingerprint: [0 0 0 ... 0 1 0]
Molecule 161 Fingerprint: [0 0 0 ... 0 0 0]
Molecule 162 Fingerprint: [0 0 0 ... 0 0 0]
Molecule 163 Fingerprint: [0 0 0 ... 0 0 0]
Molecule 164 Fingerprint: [0 0 0 ... 0 0 0]
Molecule 165 Fingerprint: [0 0 0 ... 0 0 0]
Molecule 166 Fingerprint: [0 0 0 ... 0 0 0]
Molecule 167 Fingerprint: [0 0 0 ... 0 0 0]
Molecule 168 Fingerprint: [0 0 0 ... 0 0 0]
Molecule 169 Fingerprint: [0 0 0 ... 0 0 0]
Molecule 170 Fingerprint: [0 0 0 ... 0 0 0]
Molecule 171 Fingerprint: [0 0 0 ... 0 0 0]
Molecule 172 Fingerprint: [0 0 0 ... 0 0 0]
Molecule 173 Fingerprint: [0 0 0 ... 0 0 0]
Molecule 174 Fingerprint: [0 0 0 ... 0 0 0]
Molecule 175 Fingerprint: [0 0 0 ... 0 0 0]
Molecule 176 Fingerprint: [0 0 0 ... 0 0 0]
Molecule 177 Fingerprint: [0 0 0 ... 0 0 0]
Molecule 178 Fingerprint: [0 0 0 ... 0 0 0]
Molecule 179 Fingerprint: [0 0 0 ... 0 0 0]
Molecule 180 Fingerprint: [0 0 0 ... 0 0 0]
Molecule 181 Fingerprint: [0 0 0 ... 0 0 0]
Molecule 182 Fingerprint: [0 0 0 ... 0 0 0]
Molecule 183 Fingerprint: [0 0 0 ... 0 0 0]
Molecule 184 Fingerprint: [0 0 0 ... 0 0 0]
Molecule 185 Fingerprint: [0 0 0 ... 0 0 0]
Molecule 186 Fingerprint: [0 0 0 ... 0 0 0]
Molecule 187 Fingerprint: [0 0 0 ... 0 0 0]
Molecule 188 Fingerprint: [0 0 0 ... 0 0 0]
Molecule 189 Fingerprint: [0 0 0 ... 0 0 0]
Molecule 190 Fingerprint: [0 0 0 ... 0 0 0]
Molecule 191 Fingerprint: [0 0 0 ... 0 0 0]
[[0 0 0 ... 0 0 0]
 [0 0 0 ... 0 0 0]
 [0 0 0 ... 0 0 0]
 ...
 [0 0 0 ... 0 0 0]
 [0 0 0 ... 0 0 0]
 [0 0 0 ... 0 0 0]]
(191, 4096)
SMILES to BitMorgan ran correctly
descriptor_function returned: bit_array_fingerprint.csv
Current model running: Random Forest
Loading features from: bit_array_fingerprint.csv
It's been split!!
Random forest ran correctly!!
Best score was using the following parameter set:
>> randomforestregressor__n_estimators = 1000
>> randomforestregressor__min_samples_split = 5
>> randomforestregressor__min_samples_leaf = 1
>> randomforestregressor__max_features = sqrt
>> randomforestregressor__max_depth = 40
Root Mean Squared Error: 7.050796194221206
R-squared: 0.4298718926788804
[285.15 243.75 482.05 364.65 263.55 432.15 304.77 411.15 308.85 316.25
 378.05 279.35 225.05 346.95 369.55 309.65 400.65 261.15 366.   298.75]
[297.23480839 252.12697089 365.06294483 311.70662198 263.27517602
 368.11798826 281.63068063 322.4307553  317.40314024 273.88239259
 303.0899553  275.68529917 278.33018062 311.5619559  335.71933303
 275.01522661 342.22511236 311.89472206 311.3542063  277.22252268]
yay, we ran!!
Current model running: XGBoost
Loading features from: bit_array_fingerprint.csv
It's been split!!
loading feaure from: bit_array_fingerprint.csv
Best score was using the following parameter set:
>> subsample = 0.7
>> random_state = 42
>> n_jobs = 8
>> n_estimators = 500
>> max_depth = 4
>> learning_rate = 0.1
>> colsample_bytree = 0.7
Root Mean Squared Error: 6.18961527542629
R-squared: 0.6614097647296031
[285.15 243.75 482.05 364.65 263.55 432.15 304.77 411.15 308.85 316.25
 378.05 279.35 225.05 346.95 369.55 309.65 400.65 261.15 366.   298.75]
[305.4562  219.60767 420.42908 323.9907  240.45226 384.58386 286.89008
 375.06058 328.4177  270.98947 330.17038 253.65393 255.72925 331.53683
 380.38794 278.0592  370.01712 296.59885 316.08252 266.95746]
yay, we ran!!
The results as dataframe are:
           Model   Optimization      RMSE        R2
0  Random Forest  Random Search  7.050796  0.429872
1        XGBoost  Random Search  6.189615  0.661410
Traceback (most recent call last):
  File "/home/cat/.local/lib/python3.10/site-packages/seaborn/palettes.py", line 235, in color_palette
    palette = mpl_palette(palette, n_colors, as_cmap=as_cmap)
  File "/home/cat/.local/lib/python3.10/site-packages/seaborn/palettes.py", line 406, in mpl_palette
    cmap = get_colormap(name)
  File "/home/cat/.local/lib/python3.10/site-packages/seaborn/_compat.py", line 62, in get_colormap
    return mpl.colormaps[name]
  File "/home/cat/.local/lib/python3.10/site-packages/matplotlib/cm.py", line 98, in __getitem__
    raise KeyError(f"{item!r} is not a known colormap name") from None
KeyError: "'Pinks' is not a known colormap name"

During handling of the above exception, another exception occurred:

Traceback (most recent call last):
  File "/home/cat/descriptors/python_scripts/descriptor_models.py", line 470, in <module>
    comparing_models = compare_models(results_df)
  File "/home/cat/descriptors/python_scripts/descriptor_models.py", line 407, in compare_models
    ax = sns.barplot(data=results_df, x="Model", y="RMSE", hue="Optimization", palette="Pinks"
  File "/home/cat/.local/lib/python3.10/site-packages/seaborn/categorical.py", line 2370, in barplot
    p.map_hue(palette=palette, order=hue_order, norm=hue_norm, saturation=saturation)
  File "/home/cat/.local/lib/python3.10/site-packages/seaborn/_base.py", line 838, in map_hue
    mapping = HueMapping(self, palette, order, norm, saturation)
  File "/home/cat/.local/lib/python3.10/site-packages/seaborn/_base.py", line 150, in __init__
    levels, lookup_table = self.categorical_mapping(
  File "/home/cat/.local/lib/python3.10/site-packages/seaborn/_base.py", line 248, in categorical_mapping
    colors = color_palette(palette, n_colors)
  File "/home/cat/.local/lib/python3.10/site-packages/seaborn/palettes.py", line 237, in color_palette
    raise ValueError(f"{palette!r} is not a valid palette name")
ValueError: 'Pinks' is not a valid palette name
